2023-10-29 13:35:47,939 unitTesting-d461ffbf-f55b-4d6b-832b-6552138a7b69 INFO     Removing `node_modules` symlinks
2023-10-29 13:35:47,941 unitTesting-d461ffbf-f55b-4d6b-832b-6552138a7b69 INFO     Installing dependencies...
2023-10-29 13:36:20,046 unitTesting-d461ffbf-f55b-4d6b-832b-6552138a7b69 INFO     Running the tests...
2023-10-29 13:36:25,667 unitTesting-d461ffbf-f55b-4d6b-832b-6552138a7b69 INFO     Test logs : 
> qkart_me_backend@1.4.1 test /nehalchitari-ME_QKART_BACKEND-d461ffbf-f55b-4d6b-832b-6552138a7b69/nehalchitari-ME_QKART_BACKEND
> jest -i "--reporters=jest-junit" "--reporters=default" "--verbose" "--forceExit"

FAIL tests/integration/auth.test.js
  ● Test suite failed to run

    Cannot find module 'bcrypt' from 'user.model.js'

      3 | const validator = require("validator");
      4 | const config = require("../config/config");
    > 5 | const bcrypt = require("bcrypt");
      6 |
      7 | // TODO: CRIO_TASK_MODULE_UNDERSTANDING_BASICS - Complete userSchema, a Mongoose schema for "users" collection
      8 | const userSchema = mongoose.Schema(
      
      at Resolver.resolveModule (node_modules/jest-resolve/build/index.js:169:17)
      at Object.<anonymous> (src/models/user.model.js:5:16)

FAIL tests/unit/user.unit.test.js
  ● Test suite failed to run

    Cannot find module 'bcrypt' from 'user.model.js'

      3 | const validator = require("validator");
      4 | const config = require("../config/config");
    > 5 | const bcrypt = require("bcrypt");
      6 |
      7 | // TODO: CRIO_TASK_MODULE_UNDERSTANDING_BASICS - Complete userSchema, a Mongoose schema for "users" collection
      8 | const userSchema = mongoose.Schema(
      
      at Resolver.resolveModule (node_modules/jest-resolve/build/index.js:169:17)
      at Object.<anonymous> (src/models/user.model.js:5:16)

FAIL tests/integration/product.test.js
  ● Test suite failed to run

    Cannot find module 'bcrypt' from 'user.model.js'

      3 | const validator = require("validator");
      4 | const config = require("../config/config");
    > 5 | const bcrypt = require("bcrypt");
      6 |
      7 | // TODO: CRIO_TASK_MODULE_UNDERSTANDING_BASICS - Complete userSchema, a Mongoose schema for "users" collection
      8 | const userSchema = mongoose.Schema(
      
      at Resolver.resolveModule (node_modules/jest-resolve/build/index.js:169:17)
      at Object.<anonymous> (src/models/user.model.js:5:16)

FAIL tests/integration/user.test.js
  ● Test suite failed to run

    Cannot find module 'bcrypt' from 'user.model.js'

      3 | const validator = require("validator");
      4 | const config = require("../config/config");
    > 5 | const bcrypt = require("bcrypt");
      6 |
      7 | // TODO: CRIO_TASK_MODULE_UNDERSTANDING_BASICS - Complete userSchema, a Mongoose schema for "users" collection
      8 | const userSchema = mongoose.Schema(
      
      at Resolver.resolveModule (node_modules/jest-resolve/build/index.js:169:17)
      at Object.<anonymous> (src/models/user.model.js:5:16)

FAIL tests/unit/auth.unit.test.js
  ● Test suite failed to run

    Cannot find module 'bcrypt' from 'user.model.js'

      3 | const validator = require("validator");
      4 | const config = require("../config/config");
    > 5 | const bcrypt = require("bcrypt");
      6 |
      7 | // TODO: CRIO_TASK_MODULE_UNDERSTANDING_BASICS - Complete userSchema, a Mongoose schema for "users" collection
      8 | const userSchema = mongoose.Schema(
      
      at Resolver.resolveModule (node_modules/jest-resolve/build/index.js:169:17)
      at Object.<anonymous> (src/models/user.model.js:5:16)

FAIL tests/unit/product.unit.test.js
  ● Test suite failed to run

    Cannot find module 'bcrypt' from 'user.model.js'

      3 | const validator = require("validator");
      4 | const config = require("../config/config");
    > 5 | const bcrypt = require("bcrypt");
      6 |
      7 | // TODO: CRIO_TASK_MODULE_UNDERSTANDING_BASICS - Complete userSchema, a Mongoose schema for "users" collection
      8 | const userSchema = mongoose.Schema(
      
      at Resolver.resolveModule (node_modules/jest-resolve/build/index.js:169:17)
      at Object.<anonymous> (src/models/user.model.js:5:16)

FAIL tests/unit/token.unit.test.js
  ● Test suite failed to run

    Cannot find module 'bcrypt' from 'user.model.js'

      3 | const validator = require("validator");
      4 | const config = require("../config/config");
    > 5 | const bcrypt = require("bcrypt");
      6 |
      7 | // TODO: CRIO_TASK_MODULE_UNDERSTANDING_BASICS - Complete userSchema, a Mongoose schema for "users" collection
      8 | const userSchema = mongoose.Schema(
      
      at Resolver.resolveModule (node_modules/jest-resolve/build/index.js:169:17)
      at Object.<anonymous> (src/models/user.model.js:5:16)

Test Suites: 7 failed, 7 total
Tests:       0 total
Snapshots:   0 total
Time:        4.632s
Ran all test suites.
npm ERR! code ELIFECYCLE
npm ERR! errno 1
npm ERR! qkart_me_backend@1.4.1 test: `jest -i "--reporters=jest-junit" "--reporters=default" "--verbose" "--forceExit"`
npm ERR! Exit status 1
npm ERR! 
npm ERR! Failed at the qkart_me_backend@1.4.1 test script.
npm ERR! This is probably not a problem with npm. There is likely additional logging output above.

npm ERR! A complete log of this run can be found in:
npm ERR!     /home/.npm/_logs/2023-10-29T13_36_25_654Z-debug.log

